Determining if the pthread_create exist failed with the following output:
Change Dir: /home/sebastian/Master/git/FloorDetectionProject/catkin_ws/build/CMakeFiles/CMakeTmp

Run Build Command:"/usr/bin/make" "cmTC_b1b46/fast"
/usr/bin/make -f CMakeFiles/cmTC_b1b46.dir/build.make CMakeFiles/cmTC_b1b46.dir/build
make[1]: Entering directory '/home/sebastian/Master/git/FloorDetectionProject/catkin_ws/build/CMakeFiles/CMakeTmp'
Building C object CMakeFiles/cmTC_b1b46.dir/CheckSymbolExists.c.o
/usr/bin/cc    -o CMakeFiles/cmTC_b1b46.dir/CheckSymbolExists.c.o   -c /home/sebastian/Master/git/FloorDetectionProject/catkin_ws/build/CMakeFiles/CMakeTmp/CheckSymbolExists.c
Linking C executable cmTC_b1b46
/usr/bin/cmake -E cmake_link_script CMakeFiles/cmTC_b1b46.dir/link.txt --verbose=1
/usr/bin/cc      -rdynamic CMakeFiles/cmTC_b1b46.dir/CheckSymbolExists.c.o  -o cmTC_b1b46 
CMakeFiles/cmTC_b1b46.dir/CheckSymbolExists.c.o: I funktionen "main":
CheckSymbolExists.c:(.text+0x1b): udefineret reference til "pthread_create"
collect2: error: ld returned 1 exit status
CMakeFiles/cmTC_b1b46.dir/build.make:97: recipe for target 'cmTC_b1b46' failed
make[1]: *** [cmTC_b1b46] Error 1
make[1]: Leaving directory '/home/sebastian/Master/git/FloorDetectionProject/catkin_ws/build/CMakeFiles/CMakeTmp'
Makefile:126: recipe for target 'cmTC_b1b46/fast' failed
make: *** [cmTC_b1b46/fast] Error 2

File /home/sebastian/Master/git/FloorDetectionProject/catkin_ws/build/CMakeFiles/CMakeTmp/CheckSymbolExists.c:
/* */
#include <pthread.h>

int main(int argc, char** argv)
{
  (void)argv;
#ifndef pthread_create
  return ((int*)(&pthread_create))[argc];
#else
  (void)argc;
  return 0;
#endif
}

Determining if the function pthread_create exists in the pthreads failed with the following output:
Change Dir: /home/sebastian/Master/git/FloorDetectionProject/catkin_ws/build/CMakeFiles/CMakeTmp

Run Build Command:"/usr/bin/make" "cmTC_63010/fast"
/usr/bin/make -f CMakeFiles/cmTC_63010.dir/build.make CMakeFiles/cmTC_63010.dir/build
make[1]: Entering directory '/home/sebastian/Master/git/FloorDetectionProject/catkin_ws/build/CMakeFiles/CMakeTmp'
Building C object CMakeFiles/cmTC_63010.dir/CheckFunctionExists.c.o
/usr/bin/cc   -DCHECK_FUNCTION_EXISTS=pthread_create   -o CMakeFiles/cmTC_63010.dir/CheckFunctionExists.c.o   -c /usr/share/cmake-3.10/Modules/CheckFunctionExists.c
Linking C executable cmTC_63010
/usr/bin/cmake -E cmake_link_script CMakeFiles/cmTC_63010.dir/link.txt --verbose=1
/usr/bin/cc  -DCHECK_FUNCTION_EXISTS=pthread_create    -rdynamic CMakeFiles/cmTC_63010.dir/CheckFunctionExists.c.o  -o cmTC_63010 -lpthreads 
/usr/bin/ld: kan ikke finde -lpthreads
collect2: error: ld returned 1 exit status
CMakeFiles/cmTC_63010.dir/build.make:97: recipe for target 'cmTC_63010' failed
make[1]: *** [cmTC_63010] Error 1
make[1]: Leaving directory '/home/sebastian/Master/git/FloorDetectionProject/catkin_ws/build/CMakeFiles/CMakeTmp'
Makefile:126: recipe for target 'cmTC_63010/fast' failed
make: *** [cmTC_63010/fast] Error 2


